
Start Time
-------------------
10/04/2017 05:10:20

USER Name
------------------------------
BACSADM

========================================
Step 1. Determine whether Create or Update Tables
========================================


========================================
Step 2. Create/Update database
========================================


========================================
Step 2. System Parameters
========================================


========================================
Step 3. Post DB Install
========================================


End Time
-------------------
10/04/2017 05:10:20

Start Time
-------------------
10/04/2017 05:10:38

USER Name
------------------------------
BACSADM

========================================
Step 1. Determine whether Create or Update Tables
========================================


========================================
Step 2. Create/Update database
========================================


Start Time
-------------------
10/04/2017 05:10:34

USER Name
------------------------------
BACSADM

========================================
Step 1. Determine whether Create or Update Tables
========================================


========================================
Step 2. Create/Update database
========================================


========================================
Step 2. System Parameters
========================================


========================================
Step 3. Post DB Install
========================================


End Time
-------------------
10/04/2017 05:10:34
